<?xml version='1.0' encoding='utf-8'?>
<testsuites name="testence" tests="2" failures="1" errors="0" time="2.000">
  <testsuite name="tests/test_login.py" time="0.400" tests="1" failures="0" errors="0" skipped="0" timestamp="2026-01-01T12:00:00+00:00">
    <properties>
      <property name="testence.run_id" value="r-20260101-120000-golden" />
      <property name="testence.project_id" value="legacy" />
      <property name="testence.version" value="0.1.0.dev0" />
      <property name="testence.run_status" value="unknown" />
    </properties>
    <testcase name="test_login" classname="tests.test_login" time="0.400" file="tests/test_login.py">
      <properties>
        <property name="testence.case_id" value="case-9817ba5837851b9abc31" />
        <property name="testence.variant_id" value="default" />
        <property name="testence.proof_id" value="unknown" />
        <property name="testence.assurance" value="unverified" />
        <property name="testence.nodeid" value="tests/test_login.py::test_login" />
      </properties>
      <system-out>log in as admin
  fill the password field</system-out>
    </testcase>
  </testsuite>
  <testsuite name="tests/test_hosts.py" time="1.200" tests="1" failures="1" errors="0" skipped="0" timestamp="2026-01-01T12:00:00+00:00">
    <properties>
      <property name="testence.run_id" value="r-20260101-120000-golden" />
      <property name="testence.project_id" value="legacy" />
      <property name="testence.version" value="0.1.0.dev0" />
      <property name="testence.run_status" value="unknown" />
    </properties>
    <testcase name="test_hosts" classname="tests.test_hosts" time="1.200" file="tests/test_hosts.py">
      <properties>
        <property name="testence.case_id" value="case-e19a3059f3d3dbe2d2ca" />
        <property name="testence.variant_id" value="default" />
        <property name="testence.proof_id" value="unknown" />
        <property name="testence.assurance" value="inconclusive" />
        <property name="testence.nodeid" value="tests/test_hosts.py::test_hosts" />
      </properties>
      <failure message="AssertionError: expected 4 hosts, saw 3" type="failed">AssertionError: expected 4 hosts, saw 3</failure>
      <system-out>create a host [FAILED]
evidence pack: test_hosts/pack
[[ATTACHMENT|attachments/b23a6a8439c0dde5/pack.json]]
[[ATTACHMENT|attachments/b23a6a8439c0dde5/TRIAGE.md]]
[[ATTACHMENT|attachments/b23a6a8439c0dde5/aria.txt]]
[[ATTACHMENT|attachments/b23a6a8439c0dde5/network.jsonl]]
[[ATTACHMENT|attachments/b23a6a8439c0dde5/console.txt]]
[[ATTACHMENT|attachments/b23a6a8439c0dde5/oracles.json]]</system-out>
    </testcase>
  </testsuite>
</testsuites>
